This is pdfTeX, Version 3.141592653-2.6-1.40.24 (MiKTeX 22.12) (preloaded format=pdflatex 2022.12.14)  23 DEC 2022 16:34
entering extended mode
 restricted \write18 enabled.
 file:line:error style messages enabled.
 %&-line parsing enabled.
**"d:/Documents/ACD/SUBS/CMSC 198.1/OLARTE_SP/SP_Paper/Proposal/main.tex"
(d:/Documents/ACD/SUBS/CMSC 198.1/OLARTE_SP/SP_Paper/Proposal/main.tex
LaTeX2e <2022-11-01> patch level 1
L3 programming layer <2022-11-02>

LaTeX Warning: \include should only be used after \begin{document} on input line 2.

(preamble.tex (C:\Users\johnm\AppData\Local\Programs\MiKTeX\tex/latex/base\report.cls
Document Class: report 2022/07/02 v1.4n Standard LaTeX document class
(C:\Users\johnm\AppData\Local\Programs\MiKTeX\tex/latex/base\size12.clo
File: size12.clo 2022/07/02 v1.4n Standard LaTeX file (size option)
)
\c@part=\count185
\c@chapter=\count186
\c@section=\count187
\c@subsection=\count188
\c@subsubsection=\count189
\c@paragraph=\count190
\c@subparagraph=\count191
\c@figure=\count192
\c@table=\count193
\abovecaptionskip=\skip48
\belowcaptionskip=\skip49
\bibindent=\dimen140
) (C:\Users\johnm\AppData\Local\Programs\MiKTeX\tex/latex/pdfpages\pdfpages.sty
Package: pdfpages 2022/10/09 v0.5w Insert pages of external PDF documents (AM)
 (C:\Users\johnm\AppData\Local\Programs\MiKTeX\tex/latex/base\ifthen.sty
Package: ifthen 2022/04/13 v1.1d Standard LaTeX ifthen package (DPC)
) (C:\Users\johnm\AppData\Local\Programs\MiKTeX\tex/latex/tools\calc.sty
Package: calc 2017/05/25 v4.3 Infix arithmetic (KKT,FJ)
\calc@Acount=\count194
\calc@Bcount=\count195
\calc@Adimen=\dimen141
\calc@Bdimen=\dimen142
\calc@Askip=\skip50
\calc@Bskip=\skip51
LaTeX Info: Redefining \setlength on input line 80.
LaTeX Info: Redefining \addtolength on input line 81.
\calc@Ccount=\count196
\calc@Cskip=\skip52
) (C:\Users\johnm\AppData\Local\Programs\MiKTeX\tex/latex/eso-pic\eso-pic.sty
Package: eso-pic 2020/10/14 v3.0a eso-pic (RN)
\ESO@tempdima=\dimen143
\ESO@tempdimb=\dimen144
 (C:\Users\johnm\AppData\Local\Programs\MiKTeX\tex/latex/graphics\keyval.sty
Package: keyval 2022/05/29 v1.15 key=value parser (DPC)
\KV@toks@=\toks16
) (C:\Users\johnm\AppData\Local\Programs\MiKTeX\tex/latex/xcolor\xcolor.sty
Package: xcolor 2022/06/12 v2.14 LaTeX color extensions (UK)
 (C:\Users\johnm\AppData\Local\Programs\MiKTeX\tex/latex/graphics-cfg\color.cfg
File: color.cfg 2016/01/02 v1.6 sample color configuration
)
Package xcolor Info: Driver file: pdftex.def on input line 227.
 (C:\Users\johnm\AppData\Local\Programs\MiKTeX\tex/latex/graphics-def\pdftex.def
File: pdftex.def 2022/09/22 v1.2b Graphics/color driver for pdftex
) (C:\Users\johnm\AppData\Local\Programs\MiKTeX\tex/latex/graphics\mathcolor.ltx)
Package xcolor Info: Model `cmy' substituted by `cmy0' on input line 1353.
Package xcolor Info: Model `hsb' substituted by `rgb' on input line 1357.
Package xcolor Info: Model `RGB' extended on input line 1369.
Package xcolor Info: Model `HTML' substituted by `rgb' on input line 1371.
Package xcolor Info: Model `Hsb' substituted by `hsb' on input line 1372.
Package xcolor Info: Model `tHsb' substituted by `hsb' on input line 1373.
Package xcolor Info: Model `HSB' substituted by `hsb' on input line 1374.
Package xcolor Info: Model `Gray' substituted by `gray' on input line 1375.
Package xcolor Info: Model `wave' substituted by `hsb' on input line 1376.
)) (C:\Users\johnm\AppData\Local\Programs\MiKTeX\tex/latex/graphics\graphicx.sty
Package: graphicx 2021/09/16 v1.2d Enhanced LaTeX Graphics (DPC,SPQR)
 (C:\Users\johnm\AppData\Local\Programs\MiKTeX\tex/latex/graphics\graphics.sty
Package: graphics 2022/03/10 v1.4e Standard LaTeX Graphics (DPC,SPQR)
 (C:\Users\johnm\AppData\Local\Programs\MiKTeX\tex/latex/graphics\trig.sty
Package: trig 2021/08/11 v1.11 sin cos tan (DPC)
) (C:\Users\johnm\AppData\Local\Programs\MiKTeX\tex/latex/graphics-cfg\graphics.cfg
File: graphics.cfg 2016/06/04 v1.11 sample graphics configuration
)
Package graphics Info: Driver file: pdftex.def on input line 107.
)
\Gin@req@height=\dimen145
\Gin@req@width=\dimen146
)
\AM@pagewidth=\dimen147
\AM@pageheight=\dimen148
\AM@fboxrule=\dimen149
 (C:\Users\johnm\AppData\Local\Programs\MiKTeX\tex/latex/pdfpages\pppdftex.def
File: pppdftex.def 2022/10/09 v0.5w Pdfpages driver for pdfTeX (AM)
)
\pdfpages@includegraphics@status=\count197
\AM@pagebox=\box51
\AM@global@opts=\toks17
\AM@pagecnt=\count198
\AM@toc@title=\toks18
\c@AM@survey=\count199
\AM@templatesizebox=\box52
) (C:\Users\johnm\AppData\Local\Programs\MiKTeX\tex/latex/apacite\apacite.sty
Package: apacite 2013/07/21 v6.03 APA citation
\c@BibCnt=\count266
\bibleftmargin=\skip53
\bibindent=\skip54
\bibparsep=\skip55
\bibitemsep=\skip56
\biblabelsep=\skip57
) (C:\Users\johnm\AppData\Local\Programs\MiKTeX\tex/latex/amsmath\amsmath.sty
Package: amsmath 2022/04/08 v2.17n AMS math features
\@mathmargin=\skip58

For additional information on amsmath, use the `?' option.
(C:\Users\johnm\AppData\Local\Programs\MiKTeX\tex/latex/amsmath\amstext.sty
Package: amstext 2021/08/26 v2.01 AMS text
 (C:\Users\johnm\AppData\Local\Programs\MiKTeX\tex/latex/amsmath\amsgen.sty
File: amsgen.sty 1999/11/30 v2.0 generic functions
\@emptytoks=\toks19
\ex@=\dimen150
)) (C:\Users\johnm\AppData\Local\Programs\MiKTeX\tex/latex/amsmath\amsbsy.sty
Package: amsbsy 1999/11/29 v1.2d Bold Symbols
\pmbraise@=\dimen151
) (C:\Users\johnm\AppData\Local\Programs\MiKTeX\tex/latex/amsmath\amsopn.sty
Package: amsopn 2022/04/08 v2.04 operator names
)
\inf@bad=\count267
LaTeX Info: Redefining \frac on input line 234.
\uproot@=\count268
\leftroot@=\count269
LaTeX Info: Redefining \overline on input line 399.
LaTeX Info: Redefining \colon on input line 410.
\classnum@=\count270
\DOTSCASE@=\count271
LaTeX Info: Redefining \ldots on input line 496.
LaTeX Info: Redefining \dots on input line 499.
LaTeX Info: Redefining \cdots on input line 620.
\Mathstrutbox@=\box53
\strutbox@=\box54
LaTeX Info: Redefining \big on input line 722.
LaTeX Info: Redefining \Big on input line 723.
LaTeX Info: Redefining \bigg on input line 724.
LaTeX Info: Redefining \Bigg on input line 725.
\big@size=\dimen152
LaTeX Font Info:    Redeclaring font encoding OML on input line 743.
LaTeX Font Info:    Redeclaring font encoding OMS on input line 744.
\macc@depth=\count272
LaTeX Info: Redefining \bmod on input line 905.
LaTeX Info: Redefining \pmod on input line 910.
LaTeX Info: Redefining \smash on input line 940.
LaTeX Info: Redefining \relbar on input line 970.
LaTeX Info: Redefining \Relbar on input line 971.
\c@MaxMatrixCols=\count273
\dotsspace@=\muskip16
\c@parentequation=\count274
\dspbrk@lvl=\count275
\tag@help=\toks20
\row@=\count276
\column@=\count277
\maxfields@=\count278
\andhelp@=\toks21
\eqnshift@=\dimen153
\alignsep@=\dimen154
\tagshift@=\dimen155
\tagwidth@=\dimen156
\totwidth@=\dimen157
\lineht@=\dimen158
\@envbody=\toks22
\multlinegap=\skip59
\multlinetaggap=\skip60
\mathdisplay@stack=\toks23
LaTeX Info: Redefining \[ on input line 2953.
LaTeX Info: Redefining \] on input line 2954.
) (C:\Users\johnm\AppData\Local\Programs\MiKTeX\tex/latex/amsfonts\amsfonts.sty
Package: amsfonts 2013/01/14 v3.01 Basic AMSFonts support
\symAMSa=\mathgroup4
\symAMSb=\mathgroup5
LaTeX Font Info:    Redeclaring math symbol \hbar on input line 98.
LaTeX Font Info:    Overwriting math alphabet `\mathfrak' in version `bold'
(Font)                  U/euf/m/n --> U/euf/b/n on input line 106.
) (C:\Users\johnm\AppData\Local\Programs\MiKTeX\tex/latex/amsfonts\amssymb.sty
Package: amssymb 2013/01/14 v3.01 AMS font symbols
) (C:\Users\johnm\AppData\Local\Programs\MiKTeX\tex/latex/tools\verbatim.sty
Package: verbatim 2020-07-07 v1.5u LaTeX2e package for verbatim enhancements
\every@verbatim=\toks24
\verbatim@line=\toks25
\verbatim@in@stream=\read2
) (C:\Users\johnm\AppData\Local\Programs\MiKTeX\tex/latex/url\url.sty
\Urlmuskip=\muskip17
Package: url 2013/09/16  ver 3.4  Verb mode for urls, etc.
) (C:\Users\johnm\AppData\Local\Programs\MiKTeX\tex/latex/psnfss\pifont.sty
Package: pifont 2020/03/25 PSNFSS-v9.3 Pi font support (SPQR) 
LaTeX Font Info:    Trying to load font information for U+pzd on input line 63.
 (C:\Users\johnm\AppData\Local\Programs\MiKTeX\tex/latex/psnfss\upzd.fd
File: upzd.fd 2001/06/04 font definitions for U/pzd.
)
LaTeX Font Info:    Trying to load font information for U+psy on input line 64.
 (C:\Users\johnm\AppData\Local\Programs\MiKTeX\tex/latex/psnfss\upsy.fd
File: upsy.fd 2001/06/04 font definitions for U/psy.
))) (C:\Users\johnm\AppData\Local\Programs\MiKTeX\tex/latex/l3backend\l3backend-pdftex.def
File: l3backend-pdftex.def 2022-10-26 L3 backend support: PDF output (pdfTeX)
\l__color_backend_stack_int=\count279
\l__pdf_internal_box=\box55
)

LaTeX Warning: Unused global option(s):
    [onepage].

(main.aux (title_page.aux) (chapter_1/0_chapter_1.aux) (chapter_2/0_chapter_2.aux) (chapter_3/0_chapter_3.aux))
\openout1 = `main.aux'.

LaTeX Font Info:    Checking defaults for OML/cmm/m/it on input line 5.
LaTeX Font Info:    ... okay on input line 5.
LaTeX Font Info:    Checking defaults for OMS/cmsy/m/n on input line 5.
LaTeX Font Info:    ... okay on input line 5.
LaTeX Font Info:    Checking defaults for OT1/cmr/m/n on input line 5.
LaTeX Font Info:    ... okay on input line 5.
LaTeX Font Info:    Checking defaults for T1/cmr/m/n on input line 5.
LaTeX Font Info:    ... okay on input line 5.
LaTeX Font Info:    Checking defaults for TS1/cmr/m/n on input line 5.
LaTeX Font Info:    ... okay on input line 5.
LaTeX Font Info:    Checking defaults for OMX/cmex/m/n on input line 5.
LaTeX Font Info:    ... okay on input line 5.
LaTeX Font Info:    Checking defaults for U/cmr/m/n on input line 5.
LaTeX Font Info:    ... okay on input line 5.
 (C:\Users\johnm\AppData\Local\Programs\MiKTeX\tex/context/base/mkii\supp-pdf.mkii
[Loading MPS to PDF converter (version 2006.09.02).]
\scratchcounter=\count280
\scratchdimen=\dimen159
\scratchbox=\box56
\nofMPsegments=\count281
\nofMParguments=\count282
\everyMPshowfont=\toks26
\MPscratchCnt=\count283
\MPscratchDim=\dimen160
\MPnumerator=\count284
\makeMPintoPDFobject=\count285
\everyMPtoPDFconversion=\toks27
) (C:\Users\johnm\AppData\Local\Programs\MiKTeX\tex/latex/epstopdf-pkg\epstopdf-base.sty
Package: epstopdf-base 2020-01-24 v2.11 Base part for package epstopdf
Package epstopdf-base Info: Redefining graphics rule for `.eps' on input line 485.
 (C:\Users\johnm\AppData\Local\Programs\MiKTeX\tex/latex/00miktex\epstopdf-sys.cfg
File: epstopdf-sys.cfg 2021/03/18 v2.0 Configuration of epstopdf for MiKTeX
)) (C:\Users\johnm\AppData\Local\Programs\MiKTeX\tex/latex/pdflscape\pdflscape.sty
Package: pdflscape 2022-10-27 v0.13 Display of landscape pages in PDF
 (C:\Users\johnm\AppData\Local\Programs\MiKTeX\tex/latex/pdflscape\pdflscape-nometadata.sty
Package: pdflscape-nometadata 2022-10-28 v0.13 Display of landscape pages in PDF (HO)
 (C:\Users\johnm\AppData\Local\Programs\MiKTeX\tex/generic/iftex\iftex.sty
Package: iftex 2022/02/03 v1.0f TeX engine tests
) (C:\Users\johnm\AppData\Local\Programs\MiKTeX\tex/latex/graphics\lscape.sty
Package: lscape 2020/05/28 v3.02 Landscape Pages (DPC)
)
Package pdflscape Info: Auto-detected driver: pdftex on input line 81.
))
\c@maskedRefs=\count286
 (C:\Users\johnm\AppData\Local\Programs\MiKTeX\tex/latex/apacite\english.apc
File: english.apc 2013/07/21 v6.03 apacite language file
LaTeX Info: Redefining \BPBI on input line 129.
LaTeX Info: Redefining \BHBI on input line 130.
)
\openout2 = `title_page.aux'.

 (title_page.tex [1


{C:/Users/johnm/AppData/Local/MiKTeX/fonts/map/pdftex/pdftex.map}]) (main.toc
LaTeX Font Info:    Trying to load font information for U+msa on input line 2.
 (C:\Users\johnm\AppData\Local\Programs\MiKTeX\tex/latex/amsfonts\umsa.fd
File: umsa.fd 2013/01/14 v3.01 AMS symbols A
)
LaTeX Font Info:    Trying to load font information for U+msb on input line 2.
 (C:\Users\johnm\AppData\Local\Programs\MiKTeX\tex/latex/amsfonts\umsb.fd
File: umsb.fd 2013/01/14 v3.01 AMS symbols B
) [2



])
\tf@toc=\write3
\openout3 = `main.toc'.

 [3] (main.lof [4

])
\tf@lof=\write4
\openout4 = `main.lof'.

 [5]
\openout2 = `./chapter_1/0_chapter_1.aux'.

 (chapter_1/0_chapter_1.tex
Chapter 1.
(chapter_1/1_section/background.tex (chapter_1/1_section/subsections/pse.tex) (chapter_1/1_section/subsections/econ_benefits.tex [1


]) (chapter_1/1_section/subsections/ind_benefits.tex [2]) (chapter_1/1_section/subsections/util_ml.tex)) (chapter_1/2_section/sop.tex [3] [4] [5]) (chapter_1/3_section/significance.tex [6] [7]) (chapter_1/4_section/objectives.tex [8] [9]) (chapter_1/5_section/scope.tex)) [10]
\openout2 = `./chapter_2/0_chapter_2.aux'.

 (chapter_2/0_chapter_2.tex
Chapter 2.
(chapter_2/1_section/integration_ml.tex [11




] (chapter_2/1_section/subsections/comparison_ml.tex [12])) (chapter_2/2_section/utilization_dmd.tex
Overfull \hbox (1.89531pt too wide) in paragraph at lines 2--2
[]\OT1/cmr/bx/n/17.28 Utilization of Dy-namic Mode De-com-po-si-tion 
 []

(chapter_2/2_section/subsections/chronological_utilization_dmd.tex [13] [14])) (chapter_2/3_section/synthesis.tex)) [15] [16]
\openout2 = `./chapter_3/0_chapter_3.aux'.

 (chapter_3/0_chapter_3.tex
Chapter 3.
(chapter_3/1_section/dev_tools.tex (chapter_3/1_section/subsections/sub_dev_tools.tex [17




]) (chapter_3/1_section/subsections/software_requirements.tex
Overfull \hbox (13.52669pt too wide) in paragraph at lines 20--25
\OT1/cmr/m/n/12 with Mon-goDB []MongoEngine, n.d.[]) This will be used in the alamAPI
 []

[18] [19])) (chapter_3/2_section/system_diagrams.tex
<./assets/SystemOverview.png, id=83, 658.3797pt x 376.5267pt>
File: ./assets/SystemOverview.png Graphic file (type png)
<use ./assets/SystemOverview.png>
Package pdftex.def Info: ./assets/SystemOverview.png  used on input line 8.
(pdftex.def)             Requested size: 415.55249pt x 237.64972pt.
<./assets/ProcessFlowchart.png, id=85, 695.9601pt x 1144.0341pt>
File: ./assets/ProcessFlowchart.png Graphic file (type png)
<use ./assets/ProcessFlowchart.png>
Package pdftex.def Info: ./assets/ProcessFlowchart.png  used on input line 16.
(pdftex.def)             Requested size: 332.44325pt x 546.47675pt.
<./assets/Data Flow Diagram-01.png, id=86, 794.97pt x 614.295pt>
File: ./assets/Data Flow Diagram-01.png Graphic file (type png)
<use ./assets/Data Flow Diagram-01.png>
Package pdftex.def Info: ./assets/Data Flow Diagram-01.png  used on input line 29.
(pdftex.def)             Requested size: 415.55249pt x 321.11307pt.
<./assets//Data Flow Diagram-02.png, id=87, 794.97pt x 801.2334pt>
File: ./assets//Data Flow Diagram-02.png Graphic file (type png)
<use ./assets//Data Flow Diagram-02.png>
Package pdftex.def Info: ./assets//Data Flow Diagram-02.png  used on input line 37.
(pdftex.def)             Requested size: 415.55249pt x 418.83218pt.
<./assets/Data Flow Diagram-03.png, id=88, 964.3227pt x 733.5405pt>
File: ./assets/Data Flow Diagram-03.png Graphic file (type png)
<use ./assets/Data Flow Diagram-03.png>
Package pdftex.def Info: ./assets/Data Flow Diagram-03.png  used on input line 45.
(pdftex.def)             Requested size: 415.55249pt x 316.09903pt.
<./assets/Data Flow Diagram-04.png, id=89, 794.97pt x 614.295pt>
File: ./assets/Data Flow Diagram-04.png Graphic file (type png)
<use ./assets/Data Flow Diagram-04.png>
Package pdftex.def Info: ./assets/Data Flow Diagram-04.png  used on input line 53.
(pdftex.def)             Requested size: 415.55249pt x 321.11307pt.
<./assets/Data Flow Diagram-05.png, id=90, 943.8462pt x 741.0084pt>
File: ./assets/Data Flow Diagram-05.png Graphic file (type png)
<use ./assets/Data Flow Diagram-05.png>
Package pdftex.def Info: ./assets/Data Flow Diagram-05.png  used on input line 61.
(pdftex.def)             Requested size: 415.55249pt x 326.23692pt.
<./assets/ODM.png, id=91, 542.7477pt x 357.0138pt>
File: ./assets/ODM.png Graphic file (type png)
<use ./assets/ODM.png>
Package pdftex.def Info: ./assets/ODM.png  used on input line 69.
(pdftex.def)             Requested size: 415.55249pt x 273.35979pt.
<./assets/Machine Learning Model.png, id=92, 481.3182pt x 673.5564pt>
File: ./assets/Machine Learning Model.png Graphic file (type png)
<use ./assets/Machine Learning Model.png>
Package pdftex.def Info: ./assets/Machine Learning Model.png  used on input line 77.
(pdftex.def)             Requested size: 373.99469pt x 523.36774pt.
<./assets/Docker-Compose Layout.png, id=93, 521.7894pt x 232.7094pt>
File: ./assets/Docker-Compose Layout.png Graphic file (type png)
<use ./assets/Docker-Compose Layout.png>
Package pdftex.def Info: ./assets/Docker-Compose Layout.png  used on input line 85.
(pdftex.def)             Requested size: 415.55249pt x 185.32976pt.
) (chapter_3/3_section/hardware.tex) (chapter_3/4_section/methodology.tex) (chapter_3/5_section/gantt_chart.tex
<./assets/Gantt_Chart_Sprint1.png, id=94, 1154.06157pt x 249.18094pt>
File: ./assets/Gantt_Chart_Sprint1.png Graphic file (type png)
<use ./assets/Gantt_Chart_Sprint1.png>
Package pdftex.def Info: ./assets/Gantt_Chart_Sprint1.png  used on input line 8.
(pdftex.def)             Requested size: 415.55249pt x 89.72408pt.
<./assets/Gantt_Chart_Sprint2.png, id=95, 1253.43282pt x 179.92218pt>
File: ./assets/Gantt_Chart_Sprint2.png Graphic file (type png)
<use ./assets/Gantt_Chart_Sprint2.png>
Package pdftex.def Info: ./assets/Gantt_Chart_Sprint2.png  used on input line 16.
(pdftex.def)             Requested size: 415.55249pt x 59.64903pt.
<./assets/Gantt_Chart_Sprint3.png, id=96, 931.22906pt x 180.675pt>
File: ./assets/Gantt_Chart_Sprint3.png Graphic file (type png)
<use ./assets/Gantt_Chart_Sprint3.png>
Package pdftex.def Info: ./assets/Gantt_Chart_Sprint3.png  used on input line 24.
(pdftex.def)             Requested size: 415.55249pt x 80.6248pt.
<./assets/Gantt_Chart_Sprint4.png, id=97, 829.59938pt x 143.78719pt>
File: ./assets/Gantt_Chart_Sprint4.png Graphic file (type png)
<use ./assets/Gantt_Chart_Sprint4.png>
Package pdftex.def Info: ./assets/Gantt_Chart_Sprint4.png  used on input line 32.
(pdftex.def)             Requested size: 415.55249pt x 72.02286pt.
<./assets/Gantt_Chart_Sprint5.png, id=98, 823.57687pt x 163.3603pt>
File: ./assets/Gantt_Chart_Sprint5.png Graphic file (type png)
<use ./assets/Gantt_Chart_Sprint5.png>
Package pdftex.def Info: ./assets/Gantt_Chart_Sprint5.png  used on input line 40.
(pdftex.def)             Requested size: 415.55249pt x 82.42773pt.
<./assets/Gantt_Chart_Sprint6.png, id=99, 822.07124pt x 145.29282pt>
File: ./assets/Gantt_Chart_Sprint6.png Graphic file (type png)
<use ./assets/Gantt_Chart_Sprint6.png>
Package pdftex.def Info: ./assets/Gantt_Chart_Sprint6.png  used on input line 48.
(pdftex.def)             Requested size: 415.55249pt x 73.44434pt.
<./assets/Gantt_Chart_Full.png, id=100, 1281.28688pt x 161.85469pt>
File: ./assets/Gantt_Chart_Full.png Graphic file (type png)
<use ./assets/Gantt_Chart_Full.png>
Package pdftex.def Info: ./assets/Gantt_Chart_Full.png  used on input line 56.
(pdftex.def)             Requested size: 415.55249pt x 52.49347pt.
)) [20] [21 <./assets/SystemOverview.png>] [22 <./assets/ProcessFlowchart.png>] [23 <./assets/Data Flow Diagram-01.png (PNG copy)>] [24 <./assets//Data Flow Diagram-02.png (PNG copy)>] [25 <./assets/Data Flow Diagram-03.png (PNG copy)>] [26 <./assets/Data Flow Diagram-04.png (PNG copy)>] [27 <./assets/Data Flow Diagram-05.png (PNG copy)>] [28 <./assets/ODM.png>] [29 <./assets/Machine Learning Model.png>] [30 <./assets/Docker-Compose Layout.png> <./assets/Gantt_Chart_Sprint1.png> <./assets/Gantt_Chart_Sprint2.png> <./assets/Gantt_Chart_Sprint3.png>] [31 <./assets/Gantt_Chart_Sprint4.png> <./assets/Gantt_Chart_Sprint5.png> <./assets/Gantt_Chart_Sprint6.png> <./assets/Gantt_Chart_Full.png>] (main.bbl
Underfull \hbox (badness 5050) in paragraph at lines 41--56
[]\OT1/cmr/m/n/12 Alegado, S., Lopez, D. B., & Calonzo, A.  (2022, 8).  \OT1/cmr/m/it/12 Philip-
 []


Underfull \hbox (badness 7540) in paragraph at lines 41--56
\OT1/cmr/m/it/12 pine eco-nomic growth slows to 7.4% as in-fla-tion bites.  \OT1/cmr/m/n/12 Re-
 []


Underfull \hbox (badness 10000) in paragraph at lines 97--111
\OT1/cmtt/m/n/12 papers / Does % 20the % 20Stock % 20Market % 20Benefit % 20the % 20Economy %
 []


Underfull \hbox (badness 10000) in paragraph at lines 123--136
\OT1/cmtt/m/n/12 pdf / conferences / research [] -congress [] -proceedings / 2017 / RVREBM /
 []

[32



]
Underfull \hbox (badness 1931) in paragraph at lines 228--241
\OT1/cmr/m/n/12 trieved from $\OT1/cmtt/m/n/12 https :// www [] .bworldonline [] .com / stock [] -market / 2022 / 05 /
 []


Underfull \hbox (badness 2582) in paragraph at lines 280--294
[]\OT1/cmr/m/n/12 Canto, J., & Ro-mano, K.  (2022, 4).  \OT1/cmr/m/it/12 Philip-pines eco-nomic out-look
 []


Underfull \hbox (badness 1147) in paragraph at lines 330--345
\OT1/cmr/m/it/12 fil-ipinos in 2021 es-ti-mated at 110.8 mil-lion, sizes of fam-i-lies trend-
 []


Underfull \hbox (badness 1383) in paragraph at lines 330--345
\OT1/cmr/m/it/12 ing lower at 4 mem-bers.  \OT1/cmr/m/n/12 Re-trieved from $\OT1/cmtt/m/n/12 https :// popcom [] .gov [] .ph /
 []


Underfull \hbox (badness 10000) in paragraph at lines 330--345
\OT1/cmtt/m/n/12 popcom [] -number [] -of [] -filipinos [] -in [] -2021 [] -estimated [] -at [] -110 [] -8 [] -million []
 []


Underfull \hbox (badness 2057) in paragraph at lines 416--429
[]\OT1/cmr/m/n/12 Department, S. R.  (2022).  \OT1/cmr/m/it/12 Num-ber of stock mar-ket ac-counts philip-
 []


Underfull \hbox (badness 1681) in paragraph at lines 466--479
[]\OT1/cmr/m/n/12 EdwardJones.  (n.d.[]).  \OT1/cmr/m/it/12 Why in-vest in stocks? re-trieved septem-ber 19,
 []


Underfull \hbox (badness 1803) in paragraph at lines 466--479
\OT1/cmr/m/it/12 2022.  \OT1/cmr/m/n/12 Re-trieved from $\OT1/cmtt/m/n/12 https :// www [] .edwardjones [] .com / us [] -en / market []
 []

[33]
Underfull \hbox (badness 1077) in paragraph at lines 515--528
[]\OT1/cmr/m/n/12 Fayed, A.  (2022, 4).  \OT1/cmr/m/it/12 A list of 14 blue chip com-pa-nies in the philip-
 []


Underfull \hbox (badness 1337) in paragraph at lines 540--553
[]\OT1/cmr/m/n/12 Guo, Y.  (2022).  \OT1/cmr/m/it/12 Stock price pre-dic-tion us-ing ma-chine learn-ing.  \OT1/cmr/m/n/12 Re-
 []


Underfull \hbox (badness 5388) in paragraph at lines 565--578
[]\OT1/cmr/m/n/12 Hall, M.  (2022, 9).  \OT1/cmr/m/it/12 How the stock mar-ket af-fects gdp.  \OT1/cmr/m/n/12 Re-
 []

[34]
Underfull \hbox (badness 10000) in paragraph at lines 894--908
\OT1/cmtt/m/n/12 predicting [] -future [] -stock [] -market [] -trends [] -with [] -python [] -machine []
 []


Underfull \hbox (badness 10000) in paragraph at lines 920--934
\OT1/cmtt/m/n/12 markets / asia / philippines [] -economy [] -seen [] -growing [] -65 [] -2022 [] -50 [] -2023 []
 []


Underfull \hbox (badness 1675) in paragraph at lines 946--961
[]\OT1/cmr/m/n/12 Royal Bank of Canada Di-rect In-vest-ing Inc.  (n.d.[]).  Key ben-e-fits of
 []


Underfull \hbox (badness 1838) in paragraph at lines 946--961
\OT1/cmr/m/n/12 in-vest-ing in stocks.  \OT1/cmr/m/it/12 Royal Bank of Canada Di-rect In-vest-ing Inc.\OT1/cmr/m/n/12 .
 []


Underfull \hbox (badness 1210) in paragraph at lines 946--961
\OT1/cmr/m/n/12 Re-trieved from $\OT1/cmtt/m/n/12 www6 [] .royalbank [] .com / en / di / hubs / investing [] -academy /
 []


Underfull \hbox (badness 1748) in paragraph at lines 973--986
[]\OT1/cmr/m/n/12 Sarkar, A.  (2019).  \OT1/cmr/m/it/12 Ar-naud legoux mov-ing av-er-age in-di-ca-tor, set-tings.
 []


Underfull \hbox (badness 2302) in paragraph at lines 1049--1062
\OT1/cmr/m/it/12 bling?  \OT1/cmr/m/n/12 Re-trieved from $\OT1/cmtt/m/n/12 https :// www [] .schwab [] .com / learn / story / is []
 []

[35]
Underfull \hbox (badness 1931) in paragraph at lines 1166--1179
\OT1/cmr/m/n/12 trieved from $\OT1/cmtt/m/n/12 https :// www [] .forbes [] .com / sites / forbesfinancecouncil /
 []


Underfull \hbox (badness 10000) in paragraph at lines 1166--1179
\OT1/cmtt/m/n/12 2022 / 06 / 01 / investing [] -vs [] -gambling [] -understanding [] -risk [] -adjusted []
 []


Underfull \hbox (badness 1931) in paragraph at lines 1215--1227
\OT1/cmr/m/n/12 trieved from $\OT1/cmtt/m/n/12 https :// edge [] .pse [] .com [] .ph / companyInformation / form [] .do []
 []


Underfull \hbox (badness 1337) in paragraph at lines 1284--1297
[]\OT1/cmr/m/n/12 Trade Brains.  (2022, 7).  \OT1/cmr/m/it/12 How does the stock mar-ket af-fect the econ-
 []


Underfull \hbox (badness 2293) in paragraph at lines 1363--1375
[]\OT1/cmr/m/n/12 U.S. Se-cu-ri-ties and Ex-change Com-mis-sion.  (n.d.[]).  \OT1/cmr/m/it/12 What are stocks?
 []


Underfull \hbox (badness 1132) in paragraph at lines 1387--1400
[]\OT1/cmr/m/n/12 Williamson, J. G.  (2015).  \OT1/cmr/m/it/12 Hand-book of the eco-nomics of in-ter-na-tional
 []

) [36] (main.aux (title_page.aux) (chapter_1/0_chapter_1.aux) (chapter_2/0_chapter_2.aux) (chapter_3/0_chapter_3.aux)) ) 
Here is how much of TeX's memory you used:
 5317 strings out of 475281
 93375 string characters out of 2774064
 435596 words of memory out of 3000000
 26565 multiletter control sequences out of 15000+600000
 477871 words of font info for 60 fonts, out of 8000000 for 9000
 1143 hyphenation exceptions out of 8191
 77i,6n,81p,396b,377s stack positions out of 10000i,1000n,20000p,200000b,80000s
<C:/Users/johnm/AppData/Local/Programs/MiKTeX/fonts/type1/public/amsfonts/cm/cmbx12.pfb><C:/Users/johnm/AppData/Local/Programs/MiKTeX/fonts/type1/public/amsfonts/cm/cmcsc10.pfb><C:/Users/johnm/AppData/Local/Programs/MiKTeX/fonts/type1/public/amsfonts/cm/cmr12.pfb><C:/Users/johnm/AppData/Local/Programs/MiKTeX/fonts/type1/public/amsfonts/cm/cmr6.pfb><C:/Users/johnm/AppData/Local/Programs/MiKTeX/fonts/type1/public/amsfonts/cm/cmti12.pfb><C:/Users/johnm/AppData/Local/Programs/MiKTeX/fonts/type1/public/amsfonts/cm/cmtt12.pfb><C:/Users/johnm/AppData/Local/Programs/MiKTeX/fonts/type1/urw/zapfding/uzdr.pfb>
Output written on main.pdf (41 pages, 3173431 bytes).
PDF statistics:
 200 PDF objects out of 1000 (max. 8388607)
 0 named destinations out of 1000 (max. 500000)
 86 words of extra memory for PDF output out of 10000 (max. 10000000)

